{"/spotify-radio/server/config.js": {"path":"/spotify-radio/server/config.js","statementMap":{"0":{"start":{"line":4,"column":19},"end":{"line":4,"column":58}},"1":{"start":{"line":5,"column":13},"end":{"line":5,"column":36}},"2":{"start":{"line":6,"column":23},"end":{"line":6,"column":42}},"3":{"start":{"line":7,"column":24},"end":{"line":7,"column":44}},"4":{"start":{"line":8,"column":23},"end":{"line":8,"column":52}}},"fnMap":{},"branchMap":{"0":{"loc":{"start":{"line":10,"column":8},"end":{"line":10,"column":32}},"type":"binary-expr","locations":[{"start":{"line":10,"column":8},"end":{"line":10,"column":24}},{"start":{"line":10,"column":28},"end":{"line":10,"column":32}}],"line":10}},"s":{"0":3,"1":3,"2":3,"3":3,"4":3},"f":{},"b":{"0":[3,3]},"_coverageSchema":"1a1c01bbd47fc00a2c39e90264f33305004495a9","hash":"1a8fddaa0b1f6af62dd5f71c5323616831c02334"}
,"/spotify-radio/server/controller.js": {"path":"/spotify-radio/server/controller.js","statementMap":{"0":{"start":{"line":7,"column":4},"end":{"line":7,"column":33}},"1":{"start":{"line":11,"column":4},"end":{"line":11,"column":48}},"2":{"start":{"line":12,"column":19},"end":{"line":14,"column":5}},"3":{"start":{"line":16,"column":16},"end":{"line":16,"column":37}},"4":{"start":{"line":18,"column":4},"end":{"line":21,"column":5}},"5":{"start":{"line":19,"column":6},"end":{"line":19,"column":36}},"6":{"start":{"line":20,"column":6},"end":{"line":20,"column":19}},"7":{"start":{"line":23,"column":4},"end":{"line":26,"column":5}},"8":{"start":{"line":24,"column":6},"end":{"line":24,"column":35}},"9":{"start":{"line":25,"column":6},"end":{"line":25,"column":19}},"10":{"start":{"line":27,"column":4},"end":{"line":27,"column":40}},"11":{"start":{"line":32,"column":4},"end":{"line":32,"column":48}},"12":{"start":{"line":36,"column":31},"end":{"line":36,"column":64}},"13":{"start":{"line":38,"column":20},"end":{"line":41,"column":5}},"14":{"start":{"line":39,"column":6},"end":{"line":39,"column":49}},"15":{"start":{"line":40,"column":6},"end":{"line":40,"column":42}},"16":{"start":{"line":43,"column":4},"end":{"line":46,"column":5}}},"fnMap":{"0":{"name":"(anonymous_0)","decl":{"start":{"line":6,"column":2},"end":{"line":6,"column":3}},"loc":{"start":{"line":6,"column":16},"end":{"line":8,"column":3}},"line":6},"1":{"name":"(anonymous_1)","decl":{"start":{"line":10,"column":2},"end":{"line":10,"column":3}},"loc":{"start":{"line":10,"column":32},"end":{"line":28,"column":3}},"line":10},"2":{"name":"(anonymous_2)","decl":{"start":{"line":31,"column":2},"end":{"line":31,"column":3}},"loc":{"start":{"line":31,"column":31},"end":{"line":33,"column":3}},"line":31},"3":{"name":"(anonymous_3)","decl":{"start":{"line":35,"column":2},"end":{"line":35,"column":3}},"loc":{"start":{"line":35,"column":22},"end":{"line":47,"column":3}},"line":35},"4":{"name":"(anonymous_4)","decl":{"start":{"line":38,"column":20},"end":{"line":38,"column":21}},"loc":{"start":{"line":38,"column":26},"end":{"line":41,"column":5}},"line":38}},"branchMap":{"0":{"loc":{"start":{"line":18,"column":4},"end":{"line":21,"column":5}},"type":"if","locations":[{"start":{"line":18,"column":4},"end":{"line":21,"column":5}},{"start":{},"end":{}}],"line":18},"1":{"loc":{"start":{"line":23,"column":4},"end":{"line":26,"column":5}},"type":"if","locations":[{"start":{"line":23,"column":4},"end":{"line":26,"column":5}},{"start":{},"end":{}}],"line":23}},"s":{"0":2,"1":0,"2":0,"3":0,"4":0,"5":0,"6":0,"7":0,"8":0,"9":0,"10":0,"11":1,"12":0,"13":0,"14":0,"15":0,"16":0},"f":{"0":2,"1":0,"2":1,"3":0,"4":0},"b":{"0":[0,0],"1":[0,0]},"_coverageSchema":"1a1c01bbd47fc00a2c39e90264f33305004495a9","hash":"01d3486f6b9ddf013429e4915cfdfce3ded98998"}
,"/spotify-radio/server/routes.js": {"path":"/spotify-radio/server/routes.js","statementMap":{"0":{"start":{"line":14,"column":4},"end":{"line":14,"column":10}},"1":{"start":{"line":16,"column":19},"end":{"line":16,"column":35}},"2":{"start":{"line":20,"column":24},"end":{"line":20,"column":27}},"3":{"start":{"line":22,"column":2},"end":{"line":28,"column":3}},"4":{"start":{"line":23,"column":4},"end":{"line":25,"column":6}},"5":{"start":{"line":27,"column":4},"end":{"line":27,"column":20}},"6":{"start":{"line":30,"column":2},"end":{"line":36,"column":3}},"7":{"start":{"line":33,"column":8},"end":{"line":33,"column":48}},"8":{"start":{"line":35,"column":4},"end":{"line":35,"column":28}},"9":{"start":{"line":38,"column":2},"end":{"line":44,"column":3}},"10":{"start":{"line":41,"column":8},"end":{"line":41,"column":54}},"11":{"start":{"line":43,"column":4},"end":{"line":43,"column":28}},"12":{"start":{"line":46,"column":2},"end":{"line":58,"column":3}},"13":{"start":{"line":48,"column":30},"end":{"line":48,"column":61}},"14":{"start":{"line":50,"column":4},"end":{"line":50,"column":31}},"15":{"start":{"line":52,"column":4},"end":{"line":55,"column":7}},"16":{"start":{"line":57,"column":4},"end":{"line":57,"column":28}},"17":{"start":{"line":60,"column":2},"end":{"line":66,"column":3}},"18":{"start":{"line":61,"column":17},"end":{"line":61,"column":40}},"19":{"start":{"line":62,"column":17},"end":{"line":62,"column":33}},"20":{"start":{"line":64,"column":19},"end":{"line":64,"column":55}},"21":{"start":{"line":65,"column":4},"end":{"line":65,"column":42}},"22":{"start":{"line":69,"column":2},"end":{"line":85,"column":3}},"23":{"start":{"line":74,"column":8},"end":{"line":74,"column":43}},"24":{"start":{"line":76,"column":24},"end":{"line":76,"column":42}},"25":{"start":{"line":78,"column":4},"end":{"line":82,"column":5}},"26":{"start":{"line":79,"column":6},"end":{"line":81,"column":8}},"27":{"start":{"line":84,"column":4},"end":{"line":84,"column":28}},"28":{"start":{"line":87,"column":2},"end":{"line":87,"column":20}},"29":{"start":{"line":88,"column":2},"end":{"line":88,"column":18}},"30":{"start":{"line":93,"column":2},"end":{"line":97,"column":3}},"31":{"start":{"line":94,"column":4},"end":{"line":94,"column":49}},"32":{"start":{"line":95,"column":4},"end":{"line":95,"column":22}},"33":{"start":{"line":96,"column":4},"end":{"line":96,"column":20}},"34":{"start":{"line":99,"column":2},"end":{"line":99,"column":52}},"35":{"start":{"line":100,"column":2},"end":{"line":100,"column":20}},"36":{"start":{"line":101,"column":2},"end":{"line":101,"column":18}},"37":{"start":{"line":105,"column":2},"end":{"line":106,"column":43}},"38":{"start":{"line":106,"column":18},"end":{"line":106,"column":42}}},"fnMap":{"0":{"name":"routes","decl":{"start":{"line":19,"column":15},"end":{"line":19,"column":21}},"loc":{"start":{"line":19,"column":31},"end":{"line":89,"column":1}},"line":19},"1":{"name":"handlerError","decl":{"start":{"line":91,"column":16},"end":{"line":91,"column":28}},"loc":{"start":{"line":91,"column":40},"end":{"line":102,"column":1}},"line":91},"2":{"name":"handler","decl":{"start":{"line":104,"column":16},"end":{"line":104,"column":23}},"loc":{"start":{"line":104,"column":33},"end":{"line":107,"column":1}},"line":104},"3":{"name":"(anonymous_3)","decl":{"start":{"line":106,"column":9},"end":{"line":106,"column":10}},"loc":{"start":{"line":106,"column":18},"end":{"line":106,"column":42}},"line":106}},"branchMap":{"0":{"loc":{"start":{"line":22,"column":2},"end":{"line":28,"column":3}},"type":"if","locations":[{"start":{"line":22,"column":2},"end":{"line":28,"column":3}},{"start":{},"end":{}}],"line":22},"1":{"loc":{"start":{"line":22,"column":5},"end":{"line":22,"column":36}},"type":"binary-expr","locations":[{"start":{"line":22,"column":5},"end":{"line":22,"column":21}},{"start":{"line":22,"column":25},"end":{"line":22,"column":36}}],"line":22},"2":{"loc":{"start":{"line":30,"column":2},"end":{"line":36,"column":3}},"type":"if","locations":[{"start":{"line":30,"column":2},"end":{"line":36,"column":3}},{"start":{},"end":{}}],"line":30},"3":{"loc":{"start":{"line":30,"column":5},"end":{"line":30,"column":40}},"type":"binary-expr","locations":[{"start":{"line":30,"column":5},"end":{"line":30,"column":21}},{"start":{"line":30,"column":25},"end":{"line":30,"column":40}}],"line":30},"4":{"loc":{"start":{"line":38,"column":2},"end":{"line":44,"column":3}},"type":"if","locations":[{"start":{"line":38,"column":2},"end":{"line":44,"column":3}},{"start":{},"end":{}}],"line":38},"5":{"loc":{"start":{"line":38,"column":5},"end":{"line":38,"column":46}},"type":"binary-expr","locations":[{"start":{"line":38,"column":5},"end":{"line":38,"column":21}},{"start":{"line":38,"column":25},"end":{"line":38,"column":46}}],"line":38},"6":{"loc":{"start":{"line":46,"column":2},"end":{"line":58,"column":3}},"type":"if","locations":[{"start":{"line":46,"column":2},"end":{"line":58,"column":3}},{"start":{},"end":{}}],"line":46},"7":{"loc":{"start":{"line":46,"column":5},"end":{"line":46,"column":48}},"type":"binary-expr","locations":[{"start":{"line":46,"column":5},"end":{"line":46,"column":21}},{"start":{"line":46,"column":25},"end":{"line":46,"column":48}}],"line":46},"8":{"loc":{"start":{"line":60,"column":2},"end":{"line":66,"column":3}},"type":"if","locations":[{"start":{"line":60,"column":2},"end":{"line":66,"column":3}},{"start":{},"end":{}}],"line":60},"9":{"loc":{"start":{"line":60,"column":5},"end":{"line":60,"column":47}},"type":"binary-expr","locations":[{"start":{"line":60,"column":5},"end":{"line":60,"column":22}},{"start":{"line":60,"column":26},"end":{"line":60,"column":47}}],"line":60},"10":{"loc":{"start":{"line":69,"column":2},"end":{"line":85,"column":3}},"type":"if","locations":[{"start":{"line":69,"column":2},"end":{"line":85,"column":3}},{"start":{},"end":{}}],"line":69},"11":{"loc":{"start":{"line":78,"column":4},"end":{"line":82,"column":5}},"type":"if","locations":[{"start":{"line":78,"column":4},"end":{"line":82,"column":5}},{"start":{},"end":{}}],"line":78},"12":{"loc":{"start":{"line":93,"column":2},"end":{"line":97,"column":3}},"type":"if","locations":[{"start":{"line":93,"column":2},"end":{"line":97,"column":3}},{"start":{},"end":{}}],"line":93}},"s":{"0":1,"1":1,"2":8,"3":8,"4":1,"5":1,"6":7,"7":1,"8":1,"9":6,"10":1,"11":1,"12":5,"13":0,"14":0,"15":0,"16":0,"17":5,"18":0,"19":0,"20":0,"21":0,"22":5,"23":4,"24":2,"25":2,"26":1,"27":2,"28":1,"29":1,"30":2,"31":1,"32":1,"33":1,"34":1,"35":1,"36":1,"37":8,"38":2},"f":{"0":8,"1":2,"2":8,"3":2},"b":{"0":[1,7],"1":[8,7],"2":[1,6],"3":[7,6],"4":[1,5],"5":[6,5],"6":[0,5],"7":[5,4],"8":[0,5],"9":[5,1],"10":[4,1],"11":[1,1],"12":[1,1]},"_coverageSchema":"1a1c01bbd47fc00a2c39e90264f33305004495a9","hash":"38da6e87ee022b307b6fc919e0012c2f8e70f4c3"}
,"/spotify-radio/server/service.js": {"path":"/spotify-radio/server/service.js","statementMap":{"0":{"start":{"line":22,"column":4},"end":{"line":22,"column":10}},"1":{"start":{"line":27,"column":4},"end":{"line":27,"column":35}},"2":{"start":{"line":28,"column":4},"end":{"line":28,"column":43}},"3":{"start":{"line":29,"column":4},"end":{"line":29,"column":28}},"4":{"start":{"line":30,"column":4},"end":{"line":30,"column":31}},"5":{"start":{"line":31,"column":4},"end":{"line":31,"column":29}},"6":{"start":{"line":35,"column":15},"end":{"line":35,"column":27}},"7":{"start":{"line":36,"column":25},"end":{"line":36,"column":42}},"8":{"start":{"line":37,"column":4},"end":{"line":37,"column":45}},"9":{"start":{"line":39,"column":4},"end":{"line":42,"column":5}},"10":{"start":{"line":46,"column":4},"end":{"line":46,"column":33}},"11":{"start":{"line":50,"column":4},"end":{"line":50,"column":42}},"12":{"start":{"line":54,"column":4},"end":{"line":84,"column":5}},"13":{"start":{"line":55,"column":19},"end":{"line":59,"column":7}},"14":{"start":{"line":65,"column":9},"end":{"line":65,"column":38}},"15":{"start":{"line":67,"column":6},"end":{"line":70,"column":8}},"16":{"start":{"line":72,"column":30},"end":{"line":72,"column":75}},"17":{"start":{"line":72,"column":61},"end":{"line":72,"column":74}},"18":{"start":{"line":74,"column":6},"end":{"line":74,"column":51}},"19":{"start":{"line":74,"column":16},"end":{"line":74,"column":51}},"20":{"start":{"line":76,"column":6},"end":{"line":79,"column":26}},"21":{"start":{"line":82,"column":6},"end":{"line":82,"column":51}},"22":{"start":{"line":83,"column":6},"end":{"line":83,"column":29}},"23":{"start":{"line":88,"column":4},"end":{"line":101,"column":6}},"24":{"start":{"line":90,"column":8},"end":{"line":97,"column":9}},"25":{"start":{"line":91,"column":10},"end":{"line":94,"column":11}},"26":{"start":{"line":92,"column":12},"end":{"line":92,"column":42}},"27":{"start":{"line":93,"column":12},"end":{"line":93,"column":21}},"28":{"start":{"line":96,"column":10},"end":{"line":96,"column":30}},"29":{"start":{"line":99,"column":8},"end":{"line":99,"column":12}},"30":{"start":{"line":105,"column":4},"end":{"line":105,"column":52}},"31":{"start":{"line":106,"column":20},"end":{"line":106,"column":100}},"32":{"start":{"line":107,"column":30},"end":{"line":107,"column":76}},"33":{"start":{"line":108,"column":25},"end":{"line":108,"column":87}},"34":{"start":{"line":111,"column":4},"end":{"line":115,"column":5}},"35":{"start":{"line":119,"column":4},"end":{"line":119,"column":35}},"36":{"start":{"line":123,"column":4},"end":{"line":123,"column":40}},"37":{"start":{"line":128,"column":25},"end":{"line":128,"column":52}},"38":{"start":{"line":130,"column":4},"end":{"line":130,"column":42}},"39":{"start":{"line":131,"column":21},"end":{"line":131,"column":42}},"40":{"start":{"line":133,"column":4},"end":{"line":136,"column":5}},"41":{"start":{"line":140,"column":25},"end":{"line":140,"column":53}},"42":{"start":{"line":142,"column":4},"end":{"line":145,"column":5}}},"fnMap":{"0":{"name":"(anonymous_0)","decl":{"start":{"line":26,"column":2},"end":{"line":26,"column":3}},"loc":{"start":{"line":26,"column":15},"end":{"line":32,"column":3}},"line":26},"1":{"name":"(anonymous_1)","decl":{"start":{"line":34,"column":2},"end":{"line":34,"column":3}},"loc":{"start":{"line":34,"column":22},"end":{"line":43,"column":3}},"line":34},"2":{"name":"(anonymous_2)","decl":{"start":{"line":45,"column":2},"end":{"line":45,"column":3}},"loc":{"start":{"line":45,"column":24},"end":{"line":47,"column":3}},"line":45},"3":{"name":"(anonymous_3)","decl":{"start":{"line":49,"column":2},"end":{"line":49,"column":3}},"loc":{"start":{"line":49,"column":26},"end":{"line":51,"column":3}},"line":49},"4":{"name":"(anonymous_4)","decl":{"start":{"line":53,"column":2},"end":{"line":53,"column":3}},"loc":{"start":{"line":53,"column":24},"end":{"line":85,"column":3}},"line":53},"5":{"name":"(anonymous_5)","decl":{"start":{"line":72,"column":51},"end":{"line":72,"column":52}},"loc":{"start":{"line":72,"column":61},"end":{"line":72,"column":74}},"line":72},"6":{"name":"(anonymous_6)","decl":{"start":{"line":87,"column":2},"end":{"line":87,"column":3}},"loc":{"start":{"line":87,"column":13},"end":{"line":102,"column":3}},"line":87},"7":{"name":"(anonymous_7)","decl":{"start":{"line":89,"column":13},"end":{"line":89,"column":14}},"loc":{"start":{"line":89,"column":33},"end":{"line":100,"column":7}},"line":89},"8":{"name":"(anonymous_8)","decl":{"start":{"line":104,"column":2},"end":{"line":104,"column":3}},"loc":{"start":{"line":104,"column":24},"end":{"line":116,"column":3}},"line":104},"9":{"name":"(anonymous_9)","decl":{"start":{"line":118,"column":2},"end":{"line":118,"column":3}},"loc":{"start":{"line":118,"column":17},"end":{"line":120,"column":3}},"line":118},"10":{"name":"(anonymous_10)","decl":{"start":{"line":122,"column":2},"end":{"line":122,"column":3}},"loc":{"start":{"line":122,"column":28},"end":{"line":124,"column":3}},"line":122},"11":{"name":"(anonymous_11)","decl":{"start":{"line":126,"column":2},"end":{"line":126,"column":3}},"loc":{"start":{"line":126,"column":25},"end":{"line":137,"column":3}},"line":126},"12":{"name":"(anonymous_12)","decl":{"start":{"line":139,"column":2},"end":{"line":139,"column":3}},"loc":{"start":{"line":139,"column":27},"end":{"line":146,"column":3}},"line":139}},"branchMap":{"0":{"loc":{"start":{"line":74,"column":6},"end":{"line":74,"column":51}},"type":"if","locations":[{"start":{"line":74,"column":6},"end":{"line":74,"column":51}},{"start":{},"end":{}}],"line":74},"1":{"loc":{"start":{"line":91,"column":10},"end":{"line":94,"column":11}},"type":"if","locations":[{"start":{"line":91,"column":10},"end":{"line":94,"column":11}},{"start":{},"end":{}}],"line":91}},"s":{"0":3,"1":5,"2":5,"3":5,"4":5,"5":5,"6":0,"7":0,"8":0,"9":0,"10":0,"11":0,"12":0,"13":0,"14":0,"15":0,"16":0,"17":0,"18":0,"19":0,"20":0,"21":0,"22":0,"23":0,"24":0,"25":0,"26":0,"27":0,"28":0,"29":0,"30":0,"31":0,"32":0,"33":0,"34":0,"35":0,"36":2,"37":2,"38":2,"39":2,"40":2,"41":1,"42":1},"f":{"0":5,"1":0,"2":0,"3":0,"4":0,"5":0,"6":0,"7":0,"8":0,"9":0,"10":2,"11":2,"12":1},"b":{"0":[0,0],"1":[0,0]},"_coverageSchema":"1a1c01bbd47fc00a2c39e90264f33305004495a9","hash":"8a49de53b9c42e2e01f484dceba92dcf6927bf71"}
,"/spotify-radio/server/util.js": {"path":"/spotify-radio/server/util.js","statementMap":{"0":{"start":{"line":3,"column":12},"end":{"line":11,"column":2}},"1":{"start":{"line":13,"column":22},"end":{"line":13,"column":25}}},"fnMap":{},"branchMap":{},"s":{"0":3,"1":3},"f":{},"b":{},"_coverageSchema":"1a1c01bbd47fc00a2c39e90264f33305004495a9","hash":"8046f063b8b4a8f1672901a70cfb329eeaacd776"}
}
