{"/spotify-radio/public/controller/js/view.js": {"path":"/spotify-radio/public/controller/js/view.js","statementMap":{"0":{"start":{"line":4,"column":4},"end":{"line":4,"column":53}},"1":{"start":{"line":5,"column":4},"end":{"line":5,"column":51}},"2":{"start":{"line":6,"column":4},"end":{"line":6,"column":73}},"3":{"start":{"line":6,"column":25},"end":{"line":6,"column":72}},"4":{"start":{"line":8,"column":4},"end":{"line":8,"column":33}},"5":{"start":{"line":9,"column":4},"end":{"line":9,"column":49}},"6":{"start":{"line":10,"column":4},"end":{"line":10,"column":35}},"7":{"start":{"line":16,"column":4},"end":{"line":16,"column":39}},"8":{"start":{"line":17,"column":4},"end":{"line":17,"column":58}},"9":{"start":{"line":22,"column":4},"end":{"line":29,"column":8}},"10":{"start":{"line":24,"column":19},"end":{"line":24,"column":51}},"11":{"start":{"line":26,"column":8},"end":{"line":26,"column":43}},"12":{"start":{"line":28,"column":8},"end":{"line":28,"column":38}},"13":{"start":{"line":33,"column":4},"end":{"line":33,"column":24}},"14":{"start":{"line":37,"column":20},"end":{"line":37,"column":29}},"15":{"start":{"line":38,"column":4},"end":{"line":38,"column":34}},"16":{"start":{"line":39,"column":4},"end":{"line":39,"column":26}},"17":{"start":{"line":40,"column":4},"end":{"line":40,"column":44}},"18":{"start":{"line":42,"column":4},"end":{"line":43,"column":46}},"19":{"start":{"line":42,"column":33},"end":{"line":42,"column":64}},"20":{"start":{"line":47,"column":20},"end":{"line":47,"column":48}},"21":{"start":{"line":49,"column":4},"end":{"line":49,"column":66}},"22":{"start":{"line":49,"column":36},"end":{"line":49,"column":64}},"23":{"start":{"line":57,"column":4},"end":{"line":57,"column":31}},"24":{"start":{"line":58,"column":4},"end":{"line":58,"column":43}},"25":{"start":{"line":60,"column":4},"end":{"line":60,"column":38}},"26":{"start":{"line":64,"column":4},"end":{"line":67,"column":5}},"27":{"start":{"line":65,"column":6},"end":{"line":65,"column":30}},"28":{"start":{"line":66,"column":6},"end":{"line":66,"column":12}},"29":{"start":{"line":69,"column":4},"end":{"line":69,"column":30}},"30":{"start":{"line":79,"column":8},"end":{"line":79,"column":14}},"31":{"start":{"line":81,"column":4},"end":{"line":81,"column":47}},"32":{"start":{"line":82,"column":4},"end":{"line":82,"column":37}},"33":{"start":{"line":83,"column":4},"end":{"line":85,"column":32}},"34":{"start":{"line":84,"column":6},"end":{"line":84,"column":49}},"35":{"start":{"line":89,"column":17},"end":{"line":89,"column":44}},"36":{"start":{"line":90,"column":4},"end":{"line":90,"column":39}},"37":{"start":{"line":90,"column":32},"end":{"line":90,"column":39}},"38":{"start":{"line":91,"column":4},"end":{"line":94,"column":5}},"39":{"start":{"line":92,"column":6},"end":{"line":92,"column":46}},"40":{"start":{"line":93,"column":6},"end":{"line":93,"column":13}},"41":{"start":{"line":96,"column":4},"end":{"line":96,"column":48}},"42":{"start":{"line":100,"column":4},"end":{"line":104,"column":5}},"43":{"start":{"line":101,"column":6},"end":{"line":101,"column":44}},"44":{"start":{"line":102,"column":6},"end":{"line":102,"column":46}},"45":{"start":{"line":103,"column":6},"end":{"line":103,"column":12}},"46":{"start":{"line":106,"column":4},"end":{"line":106,"column":45}},"47":{"start":{"line":107,"column":4},"end":{"line":107,"column":41}}},"fnMap":{"0":{"name":"(anonymous_0)","decl":{"start":{"line":3,"column":2},"end":{"line":3,"column":3}},"loc":{"start":{"line":3,"column":16},"end":{"line":11,"column":3}},"line":3},"1":{"name":"(anonymous_1)","decl":{"start":{"line":6,"column":19},"end":{"line":6,"column":20}},"loc":{"start":{"line":6,"column":25},"end":{"line":6,"column":72}},"line":6},"2":{"name":"onBtnClick","decl":{"start":{"line":7,"column":19},"end":{"line":7,"column":29}},"loc":{"start":{"line":7,"column":32},"end":{"line":7,"column":35}},"line":7},"3":{"name":"(anonymous_3)","decl":{"start":{"line":14,"column":2},"end":{"line":14,"column":3}},"loc":{"start":{"line":14,"column":11},"end":{"line":18,"column":3}},"line":14},"4":{"name":"(anonymous_4)","decl":{"start":{"line":21,"column":2},"end":{"line":21,"column":3}},"loc":{"start":{"line":21,"column":43},"end":{"line":30,"column":3}},"line":21},"5":{"name":"(anonymous_5)","decl":{"start":{"line":23,"column":15},"end":{"line":23,"column":16}},"loc":{"start":{"line":23,"column":25},"end":{"line":29,"column":7}},"line":23},"6":{"name":"onClickReset","decl":{"start":{"line":27,"column":17},"end":{"line":27,"column":29}},"loc":{"start":{"line":27,"column":32},"end":{"line":27,"column":35}},"line":27},"7":{"name":"(anonymous_7)","decl":{"start":{"line":32,"column":2},"end":{"line":32,"column":3}},"loc":{"start":{"line":32,"column":26},"end":{"line":34,"column":3}},"line":32},"8":{"name":"(anonymous_8)","decl":{"start":{"line":36,"column":2},"end":{"line":36,"column":3}},"loc":{"start":{"line":36,"column":54},"end":{"line":44,"column":3}},"line":36},"9":{"name":"(anonymous_9)","decl":{"start":{"line":42,"column":26},"end":{"line":42,"column":27}},"loc":{"start":{"line":42,"column":33},"end":{"line":42,"column":64}},"line":42},"10":{"name":"(anonymous_10)","decl":{"start":{"line":46,"column":2},"end":{"line":46,"column":3}},"loc":{"start":{"line":46,"column":32},"end":{"line":50,"column":3}},"line":46},"11":{"name":"(anonymous_11)","decl":{"start":{"line":49,"column":28},"end":{"line":49,"column":29}},"loc":{"start":{"line":49,"column":36},"end":{"line":49,"column":64}},"line":49},"12":{"name":"(anonymous_12)","decl":{"start":{"line":52,"column":2},"end":{"line":52,"column":3}},"loc":{"start":{"line":56,"column":5},"end":{"line":61,"column":3}},"line":56},"13":{"name":"(anonymous_13)","decl":{"start":{"line":63,"column":2},"end":{"line":63,"column":3}},"loc":{"start":{"line":63,"column":40},"end":{"line":70,"column":3}},"line":63},"14":{"name":"(anonymous_14)","decl":{"start":{"line":73,"column":2},"end":{"line":73,"column":3}},"loc":{"start":{"line":73,"column":31},"end":{"line":86,"column":3}},"line":73},"15":{"name":"(anonymous_15)","decl":{"start":{"line":83,"column":15},"end":{"line":83,"column":16}},"loc":{"start":{"line":83,"column":21},"end":{"line":85,"column":5}},"line":83},"16":{"name":"(anonymous_16)","decl":{"start":{"line":88,"column":2},"end":{"line":88,"column":3}},"loc":{"start":{"line":88,"column":22},"end":{"line":97,"column":3}},"line":88},"17":{"name":"(anonymous_17)","decl":{"start":{"line":99,"column":2},"end":{"line":99,"column":3}},"loc":{"start":{"line":99,"column":32},"end":{"line":108,"column":3}},"line":99}},"branchMap":{"0":{"loc":{"start":{"line":21,"column":30},"end":{"line":21,"column":41}},"type":"default-arg","locations":[{"start":{"line":21,"column":37},"end":{"line":21,"column":41}}],"line":21},"1":{"loc":{"start":{"line":24,"column":19},"end":{"line":24,"column":51}},"type":"cond-expr","locations":[{"start":{"line":24,"column":35},"end":{"line":24,"column":40}},{"start":{"line":24,"column":43},"end":{"line":24,"column":51}}],"line":24},"2":{"loc":{"start":{"line":64,"column":4},"end":{"line":67,"column":5}},"type":"if","locations":[{"start":{"line":64,"column":4},"end":{"line":67,"column":5}},{"start":{},"end":{}}],"line":64},"3":{"loc":{"start":{"line":90,"column":4},"end":{"line":90,"column":39}},"type":"if","locations":[{"start":{"line":90,"column":4},"end":{"line":90,"column":39}},{"start":{},"end":{}}],"line":90},"4":{"loc":{"start":{"line":91,"column":4},"end":{"line":94,"column":5}},"type":"if","locations":[{"start":{"line":91,"column":4},"end":{"line":94,"column":5}},{"start":{},"end":{}}],"line":91},"5":{"loc":{"start":{"line":99,"column":17},"end":{"line":99,"column":30}},"type":"default-arg","locations":[{"start":{"line":99,"column":26},"end":{"line":99,"column":30}}],"line":99},"6":{"loc":{"start":{"line":100,"column":4},"end":{"line":104,"column":5}},"type":"if","locations":[{"start":{"line":100,"column":4},"end":{"line":104,"column":5}},{"start":{},"end":{}}],"line":100}},"s":{"0":17,"1":17,"2":17,"3":1,"4":17,"5":17,"6":17,"7":1,"8":1,"9":2,"10":2,"11":2,"12":2,"13":1,"14":1,"15":1,"16":1,"17":1,"18":1,"19":1,"20":2,"21":2,"22":2,"23":1,"24":1,"25":1,"26":2,"27":1,"28":1,"29":1,"30":1,"31":1,"32":1,"33":1,"34":1,"35":3,"36":3,"37":1,"38":2,"39":1,"40":1,"41":1,"42":2,"43":1,"44":1,"45":1,"46":1,"47":1},"f":{"0":17,"1":1,"2":1,"3":1,"4":2,"5":2,"6":2,"7":1,"8":1,"9":1,"10":2,"11":2,"12":1,"13":2,"14":1,"15":1,"16":3,"17":2},"b":{"0":[1],"1":[1,1],"2":[1,1],"3":[1,2],"4":[1,1],"5":[1],"6":[1,1]},"_coverageSchema":"1a1c01bbd47fc00a2c39e90264f33305004495a9","hash":"367c274d5275c7b259786958345ca1c1353cb5b0"}
,"/spotify-radio/server/config.js": {"path":"/spotify-radio/server/config.js","statementMap":{"0":{"start":{"line":4,"column":19},"end":{"line":4,"column":58}},"1":{"start":{"line":5,"column":13},"end":{"line":5,"column":36}},"2":{"start":{"line":6,"column":23},"end":{"line":6,"column":42}},"3":{"start":{"line":7,"column":24},"end":{"line":7,"column":44}},"4":{"start":{"line":8,"column":23},"end":{"line":8,"column":52}}},"fnMap":{},"branchMap":{"0":{"loc":{"start":{"line":10,"column":8},"end":{"line":10,"column":32}},"type":"binary-expr","locations":[{"start":{"line":10,"column":8},"end":{"line":10,"column":24}},{"start":{"line":10,"column":28},"end":{"line":10,"column":32}}],"line":10}},"s":{"0":3,"1":3,"2":3,"3":3,"4":3},"f":{},"b":{"0":[3,3]},"_coverageSchema":"1a1c01bbd47fc00a2c39e90264f33305004495a9","hash":"1a8fddaa0b1f6af62dd5f71c5323616831c02334"}
,"/spotify-radio/server/controller.js": {"path":"/spotify-radio/server/controller.js","statementMap":{"0":{"start":{"line":7,"column":4},"end":{"line":7,"column":33}},"1":{"start":{"line":11,"column":4},"end":{"line":11,"column":48}},"2":{"start":{"line":12,"column":19},"end":{"line":14,"column":5}},"3":{"start":{"line":16,"column":16},"end":{"line":16,"column":37}},"4":{"start":{"line":18,"column":4},"end":{"line":21,"column":5}},"5":{"start":{"line":19,"column":6},"end":{"line":19,"column":36}},"6":{"start":{"line":20,"column":6},"end":{"line":20,"column":19}},"7":{"start":{"line":23,"column":4},"end":{"line":26,"column":5}},"8":{"start":{"line":24,"column":6},"end":{"line":24,"column":35}},"9":{"start":{"line":25,"column":6},"end":{"line":25,"column":19}},"10":{"start":{"line":28,"column":25},"end":{"line":28,"column":61}},"11":{"start":{"line":29,"column":4},"end":{"line":29,"column":53}},"12":{"start":{"line":30,"column":4},"end":{"line":30,"column":45}},"13":{"start":{"line":31,"column":4},"end":{"line":31,"column":17}},"14":{"start":{"line":36,"column":4},"end":{"line":36,"column":48}},"15":{"start":{"line":40,"column":31},"end":{"line":40,"column":64}},"16":{"start":{"line":42,"column":20},"end":{"line":45,"column":5}},"17":{"start":{"line":43,"column":6},"end":{"line":43,"column":49}},"18":{"start":{"line":44,"column":6},"end":{"line":44,"column":42}},"19":{"start":{"line":47,"column":4},"end":{"line":50,"column":5}}},"fnMap":{"0":{"name":"(anonymous_0)","decl":{"start":{"line":6,"column":2},"end":{"line":6,"column":3}},"loc":{"start":{"line":6,"column":16},"end":{"line":8,"column":3}},"line":6},"1":{"name":"(anonymous_1)","decl":{"start":{"line":10,"column":2},"end":{"line":10,"column":3}},"loc":{"start":{"line":10,"column":32},"end":{"line":32,"column":3}},"line":10},"2":{"name":"(anonymous_2)","decl":{"start":{"line":35,"column":2},"end":{"line":35,"column":3}},"loc":{"start":{"line":35,"column":31},"end":{"line":37,"column":3}},"line":35},"3":{"name":"(anonymous_3)","decl":{"start":{"line":39,"column":2},"end":{"line":39,"column":3}},"loc":{"start":{"line":39,"column":22},"end":{"line":51,"column":3}},"line":39},"4":{"name":"(anonymous_4)","decl":{"start":{"line":42,"column":20},"end":{"line":42,"column":21}},"loc":{"start":{"line":42,"column":26},"end":{"line":45,"column":5}},"line":42}},"branchMap":{"0":{"loc":{"start":{"line":18,"column":4},"end":{"line":21,"column":5}},"type":"if","locations":[{"start":{"line":18,"column":4},"end":{"line":21,"column":5}},{"start":{},"end":{}}],"line":18},"1":{"loc":{"start":{"line":23,"column":4},"end":{"line":26,"column":5}},"type":"if","locations":[{"start":{"line":23,"column":4},"end":{"line":26,"column":5}},{"start":{},"end":{}}],"line":23}},"s":{"0":7,"1":3,"2":3,"3":3,"4":3,"5":1,"6":1,"7":2,"8":1,"9":1,"10":1,"11":1,"12":1,"13":1,"14":1,"15":1,"16":1,"17":1,"18":1,"19":1},"f":{"0":7,"1":3,"2":1,"3":1,"4":1},"b":{"0":[1,2],"1":[1,1]},"_coverageSchema":"1a1c01bbd47fc00a2c39e90264f33305004495a9","hash":"0dc85861d7f85d55cc8f20a2f748ac9d18d8eed4"}
,"/spotify-radio/server/routes.js": {"path":"/spotify-radio/server/routes.js","statementMap":{"0":{"start":{"line":14,"column":4},"end":{"line":14,"column":10}},"1":{"start":{"line":16,"column":19},"end":{"line":16,"column":35}},"2":{"start":{"line":20,"column":24},"end":{"line":20,"column":27}},"3":{"start":{"line":22,"column":2},"end":{"line":28,"column":3}},"4":{"start":{"line":23,"column":4},"end":{"line":25,"column":6}},"5":{"start":{"line":27,"column":4},"end":{"line":27,"column":20}},"6":{"start":{"line":30,"column":2},"end":{"line":36,"column":3}},"7":{"start":{"line":33,"column":8},"end":{"line":33,"column":48}},"8":{"start":{"line":35,"column":4},"end":{"line":35,"column":28}},"9":{"start":{"line":38,"column":2},"end":{"line":44,"column":3}},"10":{"start":{"line":41,"column":8},"end":{"line":41,"column":54}},"11":{"start":{"line":43,"column":4},"end":{"line":43,"column":28}},"12":{"start":{"line":46,"column":2},"end":{"line":58,"column":3}},"13":{"start":{"line":48,"column":30},"end":{"line":48,"column":61}},"14":{"start":{"line":50,"column":4},"end":{"line":50,"column":31}},"15":{"start":{"line":52,"column":4},"end":{"line":55,"column":7}},"16":{"start":{"line":57,"column":4},"end":{"line":57,"column":28}},"17":{"start":{"line":60,"column":2},"end":{"line":66,"column":3}},"18":{"start":{"line":61,"column":17},"end":{"line":61,"column":40}},"19":{"start":{"line":62,"column":17},"end":{"line":62,"column":33}},"20":{"start":{"line":64,"column":19},"end":{"line":64,"column":55}},"21":{"start":{"line":65,"column":4},"end":{"line":65,"column":42}},"22":{"start":{"line":69,"column":2},"end":{"line":85,"column":3}},"23":{"start":{"line":74,"column":8},"end":{"line":74,"column":43}},"24":{"start":{"line":76,"column":24},"end":{"line":76,"column":42}},"25":{"start":{"line":78,"column":4},"end":{"line":82,"column":5}},"26":{"start":{"line":79,"column":6},"end":{"line":81,"column":8}},"27":{"start":{"line":84,"column":4},"end":{"line":84,"column":28}},"28":{"start":{"line":87,"column":2},"end":{"line":87,"column":20}},"29":{"start":{"line":88,"column":2},"end":{"line":88,"column":18}},"30":{"start":{"line":93,"column":2},"end":{"line":97,"column":3}},"31":{"start":{"line":94,"column":4},"end":{"line":94,"column":49}},"32":{"start":{"line":95,"column":4},"end":{"line":95,"column":22}},"33":{"start":{"line":96,"column":4},"end":{"line":96,"column":20}},"34":{"start":{"line":99,"column":2},"end":{"line":99,"column":52}},"35":{"start":{"line":100,"column":2},"end":{"line":100,"column":20}},"36":{"start":{"line":101,"column":2},"end":{"line":101,"column":18}},"37":{"start":{"line":105,"column":2},"end":{"line":106,"column":43}},"38":{"start":{"line":106,"column":18},"end":{"line":106,"column":42}}},"fnMap":{"0":{"name":"routes","decl":{"start":{"line":19,"column":15},"end":{"line":19,"column":21}},"loc":{"start":{"line":19,"column":31},"end":{"line":89,"column":1}},"line":19},"1":{"name":"handlerError","decl":{"start":{"line":91,"column":16},"end":{"line":91,"column":28}},"loc":{"start":{"line":91,"column":40},"end":{"line":102,"column":1}},"line":91},"2":{"name":"handler","decl":{"start":{"line":104,"column":16},"end":{"line":104,"column":23}},"loc":{"start":{"line":104,"column":33},"end":{"line":107,"column":1}},"line":104},"3":{"name":"(anonymous_3)","decl":{"start":{"line":106,"column":9},"end":{"line":106,"column":10}},"loc":{"start":{"line":106,"column":18},"end":{"line":106,"column":42}},"line":106}},"branchMap":{"0":{"loc":{"start":{"line":22,"column":2},"end":{"line":28,"column":3}},"type":"if","locations":[{"start":{"line":22,"column":2},"end":{"line":28,"column":3}},{"start":{},"end":{}}],"line":22},"1":{"loc":{"start":{"line":22,"column":5},"end":{"line":22,"column":36}},"type":"binary-expr","locations":[{"start":{"line":22,"column":5},"end":{"line":22,"column":21}},{"start":{"line":22,"column":25},"end":{"line":22,"column":36}}],"line":22},"2":{"loc":{"start":{"line":30,"column":2},"end":{"line":36,"column":3}},"type":"if","locations":[{"start":{"line":30,"column":2},"end":{"line":36,"column":3}},{"start":{},"end":{}}],"line":30},"3":{"loc":{"start":{"line":30,"column":5},"end":{"line":30,"column":40}},"type":"binary-expr","locations":[{"start":{"line":30,"column":5},"end":{"line":30,"column":21}},{"start":{"line":30,"column":25},"end":{"line":30,"column":40}}],"line":30},"4":{"loc":{"start":{"line":38,"column":2},"end":{"line":44,"column":3}},"type":"if","locations":[{"start":{"line":38,"column":2},"end":{"line":44,"column":3}},{"start":{},"end":{}}],"line":38},"5":{"loc":{"start":{"line":38,"column":5},"end":{"line":38,"column":46}},"type":"binary-expr","locations":[{"start":{"line":38,"column":5},"end":{"line":38,"column":21}},{"start":{"line":38,"column":25},"end":{"line":38,"column":46}}],"line":38},"6":{"loc":{"start":{"line":46,"column":2},"end":{"line":58,"column":3}},"type":"if","locations":[{"start":{"line":46,"column":2},"end":{"line":58,"column":3}},{"start":{},"end":{}}],"line":46},"7":{"loc":{"start":{"line":46,"column":5},"end":{"line":46,"column":48}},"type":"binary-expr","locations":[{"start":{"line":46,"column":5},"end":{"line":46,"column":21}},{"start":{"line":46,"column":25},"end":{"line":46,"column":48}}],"line":46},"8":{"loc":{"start":{"line":60,"column":2},"end":{"line":66,"column":3}},"type":"if","locations":[{"start":{"line":60,"column":2},"end":{"line":66,"column":3}},{"start":{},"end":{}}],"line":60},"9":{"loc":{"start":{"line":60,"column":5},"end":{"line":60,"column":47}},"type":"binary-expr","locations":[{"start":{"line":60,"column":5},"end":{"line":60,"column":22}},{"start":{"line":60,"column":26},"end":{"line":60,"column":47}}],"line":60},"10":{"loc":{"start":{"line":69,"column":2},"end":{"line":85,"column":3}},"type":"if","locations":[{"start":{"line":69,"column":2},"end":{"line":85,"column":3}},{"start":{},"end":{}}],"line":69},"11":{"loc":{"start":{"line":78,"column":4},"end":{"line":82,"column":5}},"type":"if","locations":[{"start":{"line":78,"column":4},"end":{"line":82,"column":5}},{"start":{},"end":{}}],"line":78},"12":{"loc":{"start":{"line":93,"column":2},"end":{"line":97,"column":3}},"type":"if","locations":[{"start":{"line":93,"column":2},"end":{"line":97,"column":3}},{"start":{},"end":{}}],"line":93}},"s":{"0":2,"1":2,"2":10,"3":10,"4":1,"5":1,"6":9,"7":1,"8":1,"9":8,"10":1,"11":1,"12":7,"13":1,"14":1,"15":1,"16":1,"17":6,"18":1,"19":1,"20":1,"21":1,"22":5,"23":4,"24":2,"25":2,"26":1,"27":2,"28":1,"29":1,"30":2,"31":1,"32":1,"33":1,"34":1,"35":1,"36":1,"37":10,"38":2},"f":{"0":10,"1":2,"2":10,"3":2},"b":{"0":[1,9],"1":[10,8],"2":[1,8],"3":[9,7],"4":[1,7],"5":[8,6],"6":[1,6],"7":[7,5],"8":[1,5],"9":[6,2],"10":[4,1],"11":[1,1],"12":[1,1]},"_coverageSchema":"1a1c01bbd47fc00a2c39e90264f33305004495a9","hash":"38da6e87ee022b307b6fc919e0012c2f8e70f4c3"}
,"/spotify-radio/server/service.js": {"path":"/spotify-radio/server/service.js","statementMap":{"0":{"start":{"line":26,"column":4},"end":{"line":26,"column":10}},"1":{"start":{"line":31,"column":4},"end":{"line":31,"column":35}},"2":{"start":{"line":32,"column":4},"end":{"line":32,"column":43}},"3":{"start":{"line":33,"column":4},"end":{"line":33,"column":28}},"4":{"start":{"line":34,"column":4},"end":{"line":34,"column":31}},"5":{"start":{"line":35,"column":4},"end":{"line":35,"column":29}},"6":{"start":{"line":39,"column":15},"end":{"line":39,"column":27}},"7":{"start":{"line":40,"column":25},"end":{"line":40,"column":42}},"8":{"start":{"line":41,"column":4},"end":{"line":41,"column":45}},"9":{"start":{"line":43,"column":4},"end":{"line":46,"column":5}},"10":{"start":{"line":50,"column":4},"end":{"line":50,"column":33}},"11":{"start":{"line":54,"column":4},"end":{"line":54,"column":42}},"12":{"start":{"line":58,"column":4},"end":{"line":88,"column":5}},"13":{"start":{"line":59,"column":19},"end":{"line":63,"column":7}},"14":{"start":{"line":69,"column":9},"end":{"line":69,"column":38}},"15":{"start":{"line":71,"column":6},"end":{"line":74,"column":8}},"16":{"start":{"line":76,"column":30},"end":{"line":76,"column":75}},"17":{"start":{"line":76,"column":61},"end":{"line":76,"column":74}},"18":{"start":{"line":78,"column":6},"end":{"line":78,"column":51}},"19":{"start":{"line":78,"column":16},"end":{"line":78,"column":51}},"20":{"start":{"line":80,"column":6},"end":{"line":83,"column":26}},"21":{"start":{"line":86,"column":6},"end":{"line":86,"column":51}},"22":{"start":{"line":87,"column":6},"end":{"line":87,"column":29}},"23":{"start":{"line":92,"column":4},"end":{"line":105,"column":6}},"24":{"start":{"line":94,"column":8},"end":{"line":101,"column":9}},"25":{"start":{"line":95,"column":10},"end":{"line":98,"column":11}},"26":{"start":{"line":96,"column":12},"end":{"line":96,"column":42}},"27":{"start":{"line":97,"column":12},"end":{"line":97,"column":21}},"28":{"start":{"line":100,"column":10},"end":{"line":100,"column":30}},"29":{"start":{"line":103,"column":8},"end":{"line":103,"column":12}},"30":{"start":{"line":109,"column":4},"end":{"line":109,"column":53}},"31":{"start":{"line":110,"column":20},"end":{"line":110,"column":100}},"32":{"start":{"line":111,"column":30},"end":{"line":111,"column":76}},"33":{"start":{"line":112,"column":25},"end":{"line":112,"column":87}},"34":{"start":{"line":115,"column":4},"end":{"line":119,"column":5}},"35":{"start":{"line":123,"column":4},"end":{"line":123,"column":35}},"36":{"start":{"line":127,"column":4},"end":{"line":127,"column":40}},"37":{"start":{"line":132,"column":25},"end":{"line":132,"column":52}},"38":{"start":{"line":134,"column":4},"end":{"line":134,"column":42}},"39":{"start":{"line":135,"column":21},"end":{"line":135,"column":42}},"40":{"start":{"line":137,"column":4},"end":{"line":140,"column":5}},"41":{"start":{"line":144,"column":25},"end":{"line":144,"column":53}},"42":{"start":{"line":146,"column":4},"end":{"line":149,"column":5}},"43":{"start":{"line":153,"column":18},"end":{"line":153,"column":55}},"44":{"start":{"line":154,"column":23},"end":{"line":154,"column":86}},"45":{"start":{"line":154,"column":46},"end":{"line":154,"column":85}},"46":{"start":{"line":156,"column":4},"end":{"line":156,"column":74}},"47":{"start":{"line":156,"column":20},"end":{"line":156,"column":74}},"48":{"start":{"line":158,"column":4},"end":{"line":158,"column":46}},"49":{"start":{"line":162,"column":30},"end":{"line":162,"column":63}},"50":{"start":{"line":163,"column":4},"end":{"line":166,"column":5}},"51":{"start":{"line":168,"column":19},"end":{"line":179,"column":5}},"52":{"start":{"line":169,"column":30},"end":{"line":169,"column":78}},"53":{"start":{"line":171,"column":6},"end":{"line":171,"column":49}},"54":{"start":{"line":172,"column":6},"end":{"line":172,"column":44}},"55":{"start":{"line":173,"column":6},"end":{"line":173,"column":60}},"56":{"start":{"line":175,"column":6},"end":{"line":178,"column":7}},"57":{"start":{"line":181,"column":4},"end":{"line":181,"column":47}},"58":{"start":{"line":182,"column":4},"end":{"line":182,"column":35}},"59":{"start":{"line":183,"column":4},"end":{"line":183,"column":56}},"60":{"start":{"line":188,"column":28},"end":{"line":188,"column":41}},"61":{"start":{"line":190,"column":17},"end":{"line":200,"column":5}},"62":{"start":{"line":205,"column":8},"end":{"line":205,"column":37}},"63":{"start":{"line":208,"column":4},"end":{"line":211,"column":5}},"64":{"start":{"line":213,"column":4},"end":{"line":216,"column":5}},"65":{"start":{"line":218,"column":4},"end":{"line":218,"column":27}}},"fnMap":{"0":{"name":"(anonymous_0)","decl":{"start":{"line":30,"column":2},"end":{"line":30,"column":3}},"loc":{"start":{"line":30,"column":15},"end":{"line":36,"column":3}},"line":30},"1":{"name":"(anonymous_1)","decl":{"start":{"line":38,"column":2},"end":{"line":38,"column":3}},"loc":{"start":{"line":38,"column":22},"end":{"line":47,"column":3}},"line":38},"2":{"name":"(anonymous_2)","decl":{"start":{"line":49,"column":2},"end":{"line":49,"column":3}},"loc":{"start":{"line":49,"column":24},"end":{"line":51,"column":3}},"line":49},"3":{"name":"(anonymous_3)","decl":{"start":{"line":53,"column":2},"end":{"line":53,"column":3}},"loc":{"start":{"line":53,"column":26},"end":{"line":55,"column":3}},"line":53},"4":{"name":"(anonymous_4)","decl":{"start":{"line":57,"column":2},"end":{"line":57,"column":3}},"loc":{"start":{"line":57,"column":24},"end":{"line":89,"column":3}},"line":57},"5":{"name":"(anonymous_5)","decl":{"start":{"line":76,"column":51},"end":{"line":76,"column":52}},"loc":{"start":{"line":76,"column":61},"end":{"line":76,"column":74}},"line":76},"6":{"name":"(anonymous_6)","decl":{"start":{"line":91,"column":2},"end":{"line":91,"column":3}},"loc":{"start":{"line":91,"column":13},"end":{"line":106,"column":3}},"line":91},"7":{"name":"(anonymous_7)","decl":{"start":{"line":93,"column":13},"end":{"line":93,"column":14}},"loc":{"start":{"line":93,"column":33},"end":{"line":104,"column":7}},"line":93},"8":{"name":"(anonymous_8)","decl":{"start":{"line":108,"column":2},"end":{"line":108,"column":3}},"loc":{"start":{"line":108,"column":24},"end":{"line":120,"column":3}},"line":108},"9":{"name":"(anonymous_9)","decl":{"start":{"line":122,"column":2},"end":{"line":122,"column":3}},"loc":{"start":{"line":122,"column":17},"end":{"line":124,"column":3}},"line":122},"10":{"name":"(anonymous_10)","decl":{"start":{"line":126,"column":2},"end":{"line":126,"column":3}},"loc":{"start":{"line":126,"column":28},"end":{"line":128,"column":3}},"line":126},"11":{"name":"(anonymous_11)","decl":{"start":{"line":130,"column":2},"end":{"line":130,"column":3}},"loc":{"start":{"line":130,"column":25},"end":{"line":141,"column":3}},"line":130},"12":{"name":"(anonymous_12)","decl":{"start":{"line":143,"column":2},"end":{"line":143,"column":3}},"loc":{"start":{"line":143,"column":27},"end":{"line":150,"column":3}},"line":143},"13":{"name":"(anonymous_13)","decl":{"start":{"line":152,"column":2},"end":{"line":152,"column":3}},"loc":{"start":{"line":152,"column":28},"end":{"line":159,"column":3}},"line":152},"14":{"name":"(anonymous_14)","decl":{"start":{"line":154,"column":34},"end":{"line":154,"column":35}},"loc":{"start":{"line":154,"column":46},"end":{"line":154,"column":85}},"line":154},"15":{"name":"(anonymous_15)","decl":{"start":{"line":161,"column":2},"end":{"line":161,"column":3}},"loc":{"start":{"line":161,"column":20},"end":{"line":185,"column":3}},"line":161},"16":{"name":"(anonymous_16)","decl":{"start":{"line":168,"column":19},"end":{"line":168,"column":20}},"loc":{"start":{"line":168,"column":25},"end":{"line":179,"column":5}},"line":168},"17":{"name":"(anonymous_17)","decl":{"start":{"line":187,"column":2},"end":{"line":187,"column":3}},"loc":{"start":{"line":187,"column":35},"end":{"line":219,"column":3}},"line":187}},"branchMap":{"0":{"loc":{"start":{"line":78,"column":6},"end":{"line":78,"column":51}},"type":"if","locations":[{"start":{"line":78,"column":6},"end":{"line":78,"column":51}},{"start":{},"end":{}}],"line":78},"1":{"loc":{"start":{"line":95,"column":10},"end":{"line":98,"column":11}},"type":"if","locations":[{"start":{"line":95,"column":10},"end":{"line":98,"column":11}},{"start":{},"end":{}}],"line":95},"2":{"loc":{"start":{"line":156,"column":4},"end":{"line":156,"column":74}},"type":"if","locations":[{"start":{"line":156,"column":4},"end":{"line":156,"column":74}},{"start":{},"end":{}}],"line":156}},"s":{"0":3,"1":23,"2":23,"3":23,"4":23,"5":23,"6":1,"7":1,"8":1,"9":1,"10":1,"11":1,"12":2,"13":2,"14":2,"15":2,"16":2,"17":4,"18":2,"19":1,"20":1,"21":1,"22":1,"23":1,"24":1,"25":2,"26":1,"27":1,"28":1,"29":1,"30":1,"31":1,"32":1,"33":1,"34":1,"35":2,"36":3,"37":2,"38":2,"39":2,"40":2,"41":1,"42":1,"43":2,"44":2,"45":1,"46":2,"47":1,"48":1,"49":1,"50":1,"51":1,"52":1,"53":1,"54":1,"55":1,"56":1,"57":1,"58":1,"59":1,"60":1,"61":1,"62":1,"63":1,"64":1,"65":1},"f":{"0":23,"1":1,"2":1,"3":1,"4":2,"5":4,"6":1,"7":1,"8":1,"9":2,"10":3,"11":2,"12":1,"13":2,"14":1,"15":1,"16":1,"17":1},"b":{"0":[1,1],"1":[1,1],"2":[1,1]},"_coverageSchema":"1a1c01bbd47fc00a2c39e90264f33305004495a9","hash":"64aebca1d957329d435e0296a1ec2eb82fe4554e"}
,"/spotify-radio/server/util.js": {"path":"/spotify-radio/server/util.js","statementMap":{"0":{"start":{"line":3,"column":12},"end":{"line":11,"column":2}},"1":{"start":{"line":13,"column":22},"end":{"line":13,"column":25}}},"fnMap":{},"branchMap":{},"s":{"0":3,"1":3},"f":{},"b":{},"_coverageSchema":"1a1c01bbd47fc00a2c39e90264f33305004495a9","hash":"8046f063b8b4a8f1672901a70cfb329eeaacd776"}
}
