TN:
SF:server/config.js
FNF:0
FNH:0
DA:4,1
DA:5,1
DA:6,1
DA:7,1
LF:4
LH:4
BRDA:10,0,0,1
BRDA:10,0,1,1
BRF:2
BRH:2
end_of_record
TN:
SF:server/controller.js
FN:5,(anonymous_0)
FN:9,(anonymous_1)
FNF:2
FNH:1
FNDA:1,(anonymous_0)
FNDA:0,(anonymous_1)
DA:6,1
DA:10,0
LF:2
LH:1
BRF:0
BRH:0
end_of_record
TN:
SF:server/routes.js
FN:17,routes
FN:68,handlerError
FN:81,handler
FN:83,(anonymous_3)
FNF:4
FNH:4
FNDA:8,routes
FNDA:2,handlerError
FNDA:8,handler
FNDA:2,(anonymous_3)
DA:14,1
DA:16,1
DA:18,8
DA:20,8
DA:21,1
DA:25,1
DA:28,7
DA:31,1
DA:33,1
DA:36,6
DA:39,1
DA:41,1
DA:46,5
DA:51,4
DA:53,2
DA:55,2
DA:56,1
DA:61,2
DA:64,1
DA:65,1
DA:70,2
DA:71,1
DA:72,1
DA:73,1
DA:76,1
DA:77,1
DA:78,1
DA:82,8
DA:83,2
LF:29
LH:29
BRDA:20,0,0,1
BRDA:20,0,1,7
BRDA:20,1,0,8
BRDA:20,1,1,7
BRDA:28,2,0,1
BRDA:28,2,1,6
BRDA:28,3,0,7
BRDA:28,3,1,6
BRDA:36,4,0,1
BRDA:36,4,1,5
BRDA:36,5,0,6
BRDA:36,5,1,5
BRDA:46,6,0,4
BRDA:46,6,1,1
BRDA:55,7,0,1
BRDA:55,7,1,1
BRDA:70,8,0,1
BRDA:70,8,1,1
BRF:18
BRH:18
end_of_record
TN:
SF:server/service.js
FN:13,(anonymous_0)
FN:17,(anonymous_1)
FN:30,(anonymous_2)
FNF:3
FNH:0
FNDA:0,(anonymous_0)
FNDA:0,(anonymous_1)
FNDA:0,(anonymous_2)
DA:10,1
DA:14,0
DA:19,0
DA:21,0
DA:22,0
DA:24,0
DA:31,0
DA:33,0
LF:8
LH:1
BRF:0
BRH:0
end_of_record
TN:
SF:server/util.js
FNF:0
FNH:0
DA:3,1
DA:13,1
LF:2
LH:2
BRF:0
BRH:0
end_of_record
TN:
SF:tests/unit/server/_util/testUtil.js
FN:7,(anonymous_0)
FN:9,(anonymous_1)
FN:19,(anonymous_2)
FN:21,(anonymous_3)
FN:28,(anonymous_4)
FN:30,(anonymous_5)
FN:44,(anonymous_6)
FNF:7
FNH:4
FNDA:12,(anonymous_0)
FNDA:0,(anonymous_1)
FNDA:8,(anonymous_2)
FNDA:0,(anonymous_3)
FNDA:8,(anonymous_4)
FNDA:0,(anonymous_5)
FNDA:8,(anonymous_6)
DA:8,12
DA:10,0
DA:11,0
DA:14,0
DA:20,8
DA:22,0
DA:23,0
DA:29,8
DA:30,8
DA:31,8
DA:43,8
DA:44,8
LF:12
LH:7
BRF:0
BRH:0
end_of_record
