TN:
SF:server/config.js
FNF:0
FNH:0
DA:4,3
DA:5,3
DA:6,3
DA:7,3
DA:8,3
LF:5
LH:5
BRDA:10,0,0,3
BRDA:10,0,1,3
BRF:2
BRH:2
end_of_record
TN:
SF:server/controller.js
FN:6,(anonymous_0)
FN:10,(anonymous_1)
FN:32,(anonymous_2)
FN:36,(anonymous_3)
FN:39,(anonymous_4)
FNF:5
FNH:5
FNDA:7,(anonymous_0)
FNDA:3,(anonymous_1)
FNDA:1,(anonymous_2)
FNDA:1,(anonymous_3)
FNDA:1,(anonymous_4)
DA:7,7
DA:11,3
DA:12,3
DA:16,3
DA:18,3
DA:19,1
DA:20,1
DA:23,2
DA:24,1
DA:25,1
DA:28,1
DA:33,1
DA:37,1
DA:39,1
DA:40,1
DA:41,1
DA:44,1
LF:17
LH:17
BRDA:18,0,0,1
BRDA:18,0,1,2
BRDA:23,1,0,1
BRDA:23,1,1,1
BRF:4
BRH:4
end_of_record
TN:
SF:server/routes.js
FN:19,routes
FN:91,handlerError
FN:104,handler
FN:106,(anonymous_3)
FNF:4
FNH:4
FNDA:10,routes
FNDA:2,handlerError
FNDA:10,handler
FNDA:2,(anonymous_3)
DA:14,2
DA:16,2
DA:20,10
DA:22,10
DA:23,1
DA:27,1
DA:30,9
DA:33,1
DA:35,1
DA:38,8
DA:41,1
DA:43,1
DA:46,7
DA:48,1
DA:50,1
DA:52,1
DA:57,1
DA:60,6
DA:61,1
DA:62,1
DA:64,1
DA:65,1
DA:69,5
DA:74,4
DA:76,2
DA:78,2
DA:79,1
DA:84,2
DA:87,1
DA:88,1
DA:93,2
DA:94,1
DA:95,1
DA:96,1
DA:99,1
DA:100,1
DA:101,1
DA:105,10
DA:106,2
LF:39
LH:39
BRDA:22,0,0,1
BRDA:22,0,1,9
BRDA:22,1,0,10
BRDA:22,1,1,8
BRDA:30,2,0,1
BRDA:30,2,1,8
BRDA:30,3,0,9
BRDA:30,3,1,7
BRDA:38,4,0,1
BRDA:38,4,1,7
BRDA:38,5,0,8
BRDA:38,5,1,6
BRDA:46,6,0,1
BRDA:46,6,1,6
BRDA:46,7,0,7
BRDA:46,7,1,5
BRDA:60,8,0,1
BRDA:60,8,1,5
BRDA:60,9,0,6
BRDA:60,9,1,2
BRDA:69,10,0,4
BRDA:69,10,1,1
BRDA:78,11,0,1
BRDA:78,11,1,1
BRDA:93,12,0,1
BRDA:93,12,1,1
BRF:26
BRH:26
end_of_record
TN:
SF:server/service.js
FN:26,(anonymous_0)
FN:34,(anonymous_1)
FN:45,(anonymous_2)
FN:49,(anonymous_3)
FN:53,(anonymous_4)
FN:72,(anonymous_5)
FN:87,(anonymous_6)
FN:89,(anonymous_7)
FN:104,(anonymous_8)
FN:118,(anonymous_9)
FN:122,(anonymous_10)
FN:126,(anonymous_11)
FN:139,(anonymous_12)
FNF:13
FNH:13
FNDA:19,(anonymous_0)
FNDA:1,(anonymous_1)
FNDA:1,(anonymous_2)
FNDA:1,(anonymous_3)
FNDA:2,(anonymous_4)
FNDA:4,(anonymous_5)
FNDA:1,(anonymous_6)
FNDA:1,(anonymous_7)
FNDA:1,(anonymous_8)
FNDA:2,(anonymous_9)
FNDA:3,(anonymous_10)
FNDA:2,(anonymous_11)
FNDA:1,(anonymous_12)
DA:22,3
DA:27,19
DA:28,19
DA:29,19
DA:30,19
DA:31,19
DA:35,1
DA:36,1
DA:37,1
DA:39,1
DA:46,1
DA:50,1
DA:54,2
DA:55,2
DA:65,2
DA:67,2
DA:72,4
DA:74,2
DA:76,1
DA:82,1
DA:83,1
DA:88,1
DA:90,1
DA:91,2
DA:92,1
DA:93,1
DA:96,1
DA:99,1
DA:105,1
DA:106,1
DA:107,1
DA:108,1
DA:111,1
DA:119,2
DA:123,3
DA:128,2
DA:130,2
DA:131,2
DA:133,2
DA:140,1
DA:142,1
LF:41
LH:41
BRDA:74,0,0,1
BRDA:74,0,1,1
BRDA:91,1,0,1
BRDA:91,1,1,1
BRF:4
BRH:4
end_of_record
TN:
SF:server/util.js
FNF:0
FNH:0
DA:3,3
DA:13,3
LF:2
LH:2
BRF:0
BRH:0
end_of_record
